<?xml version="1.0" encoding="UTF-8"?>
<testng-results skipped="0" failed="0" ignored="0" total="2" passed="2">
  <reporter-output>
  </reporter-output>
  <suite name="Default suite" duration-ms="27039" started-at="2019-03-16T07:53:38Z" finished-at="2019-03-16T07:54:05Z">
    <groups>
    </groups>
    <test name="Default test" duration-ms="27039" started-at="2019-03-16T07:53:38Z" finished-at="2019-03-16T07:54:05Z">
      <class name="com.seleniumtraining.Testhgf">
        <test-method status="PASS" signature="beforeTest()[pri:0, instance:com.seleniumtraining.Testhgf@6e1567f1]" name="beforeTest" is-config="true" duration-ms="5543" started-at="2019-03-16T07:53:38Z" finished-at="2019-03-16T07:53:44Z">
          <reporter-output>
          </reporter-output>
        </test-method> <!-- beforeTest -->
        <test-method status="PASS" signature="fillform()[pri:0, instance:com.seleniumtraining.Testhgf@6e1567f1]" name="fillform" duration-ms="7897" started-at="2019-03-16T07:53:44Z" finished-at="2019-03-16T07:53:52Z">
          <reporter-output>
          </reporter-output>
        </test-method> <!-- fillform -->
        <test-method status="PASS" signature="login()[pri:0, instance:com.seleniumtraining.Testhgf@6e1567f1]" name="login" duration-ms="13293" started-at="2019-03-16T07:53:52Z" finished-at="2019-03-16T07:54:05Z">
          <reporter-output>
          </reporter-output>
        </test-method> <!-- login -->
        <test-method status="PASS" signature="afterTest()[pri:0, instance:com.seleniumtraining.Testhgf@6e1567f1]" name="afterTest" is-config="true" duration-ms="250" started-at="2019-03-16T07:54:05Z" finished-at="2019-03-16T07:54:05Z">
          <reporter-output>
          </reporter-output>
        </test-method> <!-- afterTest -->
      </class> <!-- com.seleniumtraining.Testhgf -->
    </test> <!-- Default test -->
  </suite> <!-- Default suite -->
</testng-results>
